==============================================================================
20220913 12:09:01.790 - INFO - + START SUITE: Post Package Deployment Verification [ ]
==============================================================================
20220913 12:09:01.791 - INFO - +- START SETUP: Setup iSensor Environment [ ]
20220913 12:09:01.804 - INFO - +-- START KEYWORD: Start EC2 Instance [ ${ISENSOR_IP} ]
20220913 12:09:01.805 - FAIL - No keyword with name 'Start EC2 Instance' found.
20220913 12:09:01.805 - INFO - +-- END KEYWORD: Start EC2 Instance (1)
20220913 12:09:01.816 - INFO - +-- START KEYWORD: Open SSH Connection [ ]
20220913 12:09:01.816 - INFO - +-- END KEYWORD: Open SSH Connection (0)
20220913 12:09:01.817 - INFO - +- END SETUP: Setup iSensor Environment (26)
------------------------------------------------------------------------------
20220913 12:09:01.817 - INFO - +- START TEST: Notify Start Of Test via Email [ ]
------------------------------------------------------------------------------
20220913 12:09:01.818 - INFO - +- END TEST: Notify Start Of Test via Email (1)
------------------------------------------------------------------------------
20220913 12:09:01.818 - INFO - +- START TEST: Verify Current State of Target iSensor [ ]
------------------------------------------------------------------------------
20220913 12:09:01.827 - INFO - +- END TEST: Verify Current State of Target iSensor (1)
------------------------------------------------------------------------------
20220913 12:09:01.828 - INFO - +- START TEST: Verify Rulesets Can Be Pushed To iSensor [ ]
------------------------------------------------------------------------------
20220913 12:09:01.828 - INFO - +- END TEST: Verify Rulesets Can Be Pushed To iSensor (0)
------------------------------------------------------------------------------
20220913 12:09:01.829 - INFO - +- START TEST: Verify RCMSMQTransmit [ ]
------------------------------------------------------------------------------
20220913 12:09:01.829 - INFO - +- END TEST: Verify RCMSMQTransmit (0)
------------------------------------------------------------------------------
20220913 12:09:01.833 - INFO - +- START TEST: Verify Shuns Can Be Added [ ]
------------------------------------------------------------------------------
20220913 12:09:01.834 - INFO - +- END TEST: Verify Shuns Can Be Added (4)
------------------------------------------------------------------------------
20220913 12:09:01.835 - INFO - +- START TEARDOWN: Close Connections and Report Results [ ]
20220913 12:09:01.835 - INFO - +-- START KEYWORD: SSHLibrary.Close All Connections [ ]
20220913 12:09:01.835 - INFO - +-- END KEYWORD: SSHLibrary.Close All Connections (0)
20220913 12:09:01.838 - INFO - +-- START KEYWORD: BuiltIn.Run Keyword If All Tests Passed [ Email Test Has Passed ]
20220913 12:09:01.838 - INFO - +-- END KEYWORD: BuiltIn.Run Keyword If All Tests Passed (3)
20220913 12:09:01.838 - INFO - +-- START KEYWORD: BuiltIn.Run Keyword If Any Tests Failed [ Email Test Has Failed ]
20220913 12:09:01.839 - INFO - +--- START KEYWORD: Email Test Has Failed [ ]
20220913 12:09:01.839 - INFO - +---- START KEYWORD: scwxCorelib.Mail.Set Mail Subject [ Post package deployment test has FAILED | catenate=True ]
20220913 12:09:02.698 - INFO - +---- END KEYWORD: scwxCorelib.Mail.Set Mail Subject (858)
20220913 12:09:02.698 - INFO - +---- START KEYWORD: scwxCorelib.Mail.Append Config [ iSensor Model: Dell ${ISENSOR_MODEL} ]
20220913 12:09:02.705 - FAIL - Variable '${ISENSOR_MODEL}' not found.
20220913 12:09:02.705 - INFO - +---- END KEYWORD: scwxCorelib.Mail.Append Config (7)
20220913 12:09:02.705 - INFO - +---- START KEYWORD: scwxCorelib.Mail.Log To Mail [ Test Report: | reportfile ]
20220913 12:09:02.705 - DEBUG - content: Test Report:
link:reportfile
options:{}
20220913 12:09:02.705 - DEBUG - LINKER: "https://r-atf.atf-prod.aws.secureworks.net/iSensor_Regression/PostDeploy/reports/Post_Package_Deployment_Verification/Production/20220913_120832.aawoke.Post_Package_Deployment_Verification.html"
20220913 12:09:02.706 - DEBUG - content w/link = Test Report:
	https://r-atf.atf-prod.aws.secureworks.net/iSensor_Regression/PostDeploy/reports/Post_Package_Deployment_Verification/Production/20220913_120832.aawoke.Post_Package_Deployment_Verification.html
20220913 12:09:02.706 - INFO - +---- END KEYWORD: scwxCorelib.Mail.Log To Mail (1)
20220913 12:09:02.706 - INFO - +---- START KEYWORD: scwxCorelib.Mail.Log To Mail [ Test Log: | logfile ]
20220913 12:09:02.714 - DEBUG - content: Test Log:
link:logfile
options:{}
20220913 12:09:02.714 - DEBUG - LINKER: "https://r-atf.atf-prod.aws.secureworks.net/iSensor_Regression/PostDeploy/logs/Post_Package_Deployment_Verification/Production/20220913_120832.aawoke.Post_Package_Deployment_Verification.html"
20220913 12:09:02.714 - DEBUG - content w/link = Test Log:
	https://r-atf.atf-prod.aws.secureworks.net/iSensor_Regression/PostDeploy/logs/Post_Package_Deployment_Verification/Production/20220913_120832.aawoke.Post_Package_Deployment_Verification.html
20220913 12:09:02.715 - INFO - +---- END KEYWORD: scwxCorelib.Mail.Log To Mail (9)
20220913 12:09:02.715 - INFO - +---- START KEYWORD: scwxCorelib.Mail.Mail Report [ attach=reportfile,logfile ]
20220913 12:09:02.723 - DEBUG - email distro is ['hlouissaint@secureworks.com', 'pmankoo@secureworks.com', 'msuwoto@secureworks.com', 'ibilyy@secureworks.com', 'tbernhard@secureworks.com', 'igayashan@secureworks.com', 'hrashmi@secureworks.com', 'mnanayakkara@secureworks.com', 'aawoke@secureworks.com']
20220913 12:09:02.723 - DEBUG - Processing Mail Report keyword...
	Distribution:['hlouissaint@secureworks.com', 'pmankoo@secureworks.com', 'msuwoto@secureworks.com', 'ibilyy@secureworks.com', 'tbernhard@secureworks.com', 'igayashan@secureworks.com', 'hrashmi@secureworks.com', 'mnanayakkara@secureworks.com', 'aawoke@secureworks.com']
	subject: Test ID (Production): 20220913.120902 - Post package deployment test has FAILED
	To: ['hlouissaint@secureworks.com', 'pmankoo@secureworks.com', 'msuwoto@secureworks.com', 'ibilyy@secureworks.com', 'tbernhard@secureworks.com', 'igayashan@secureworks.com', 'hrashmi@secureworks.com', 'mnanayakkara@secureworks.com', 'aawoke@secureworks.com']
	Body:Test Report:
	https://r-atf.atf-prod.aws.secureworks.net/iSensor_Regression/PostDeploy/reports/Post_Package_Deployment_Verification/Production/20220913_120832.aawoke.Post_Package_Deployment_Verification.html
Test Log:
	https://r-atf.atf-prod.aws.secureworks.net/iSensor_Regression/PostDeploy/logs/Post_Package_Deployment_Verification/Production/20220913_120832.aawoke.Post_Package_Deployment_Verification.html
20220913 12:09:02.890 - INFO - Successfully sent mail from localhost with subject "Test ID (Production): 20220913.120902 - Post package deployment test has FAILED" to hlouissaint@secureworks.com;pmankoo@secureworks.com;msuwoto@secureworks.com;ibilyy@secureworks.com;tbernhard@secureworks.com;igayashan@secureworks.com;hrashmi@secureworks.com;mnanayakkara@secureworks.com;aawoke@secureworks.com;
20220913 12:09:02.893 - INFO - ${resp} = Message "Test ID (Production): 20220913.120902 - Post package deployment test has FAILED" Sent
20220913 12:09:02.893 - INFO - +---- END KEYWORD: scwxCorelib.Mail.Mail Report (178)
20220913 12:09:02.894 - INFO - +---- START KEYWORD: BuiltIn.Log [ ${resp} ]
20220913 12:09:02.897 - INFO - Message "Test ID (Production): 20220913.120902 - Post package deployment test has FAILED" Sent
20220913 12:09:02.899 - INFO - +---- END KEYWORD: BuiltIn.Log (4)
20220913 12:09:02.900 - INFO - +--- END KEYWORD: Email Test Has Failed (1060)
20220913 12:09:02.900 - INFO - +-- END KEYWORD: BuiltIn.Run Keyword If Any Tests Failed (1062)
20220913 12:09:02.903 - INFO - +- END TEARDOWN: Close Connections and Report Results (1068)
==============================================================================
20220913 12:09:02.910 - INFO - + END SUITE: Post Package Deployment Verification (27474)
==============================================================================
