==============================================================================
20220331 12:30:33.352 - INFO - + START SUITE: Post Package Deployment Verification [ ]
==============================================================================
20220331 12:30:33.353 - INFO - +- START SETUP: Setup iSensor Environment [ ]
20220331 12:30:33.361 - INFO - +-- START KEYWORD: Start EC2 Instance [ ${ISENSOR_IP} ]
20220331 12:30:33.361 - FAIL - No keyword with name 'Start EC2 Instance' found. Did you mean:
    aws_ec2_instance.Start FMC EC2 Instance
20220331 12:30:33.362 - INFO - +-- END KEYWORD: Start EC2 Instance (1)
20220331 12:30:33.362 - INFO - +-- START KEYWORD: iSensorConfiguration.Open SSH Connection [ ]
20220331 12:30:33.362 - INFO - +-- END KEYWORD: iSensorConfiguration.Open SSH Connection (0)
20220331 12:30:33.363 - INFO - +- END SETUP: Setup iSensor Environment (10)
------------------------------------------------------------------------------
20220331 12:30:33.363 - INFO - +- START TEST: Notify Start Of Test via Email [ ]
------------------------------------------------------------------------------
20220331 12:30:33.364 - INFO - +- END TEST: Notify Start Of Test via Email (1)
------------------------------------------------------------------------------
20220331 12:30:33.364 - INFO - +- START TEST: Verify Current State of Target iSensor [ ]
------------------------------------------------------------------------------
20220331 12:30:33.364 - INFO - +- END TEST: Verify Current State of Target iSensor (0)
------------------------------------------------------------------------------
20220331 12:30:33.365 - INFO - +- START TEST: Verify Rulesets Can Be Pushed To iSensor [ ]
------------------------------------------------------------------------------
20220331 12:30:33.365 - INFO - +- END TEST: Verify Rulesets Can Be Pushed To iSensor (0)
------------------------------------------------------------------------------
20220331 12:30:33.366 - INFO - +- START TEST: Verify RCMSMQTransmit [ ]
------------------------------------------------------------------------------
20220331 12:30:33.366 - INFO - +- END TEST: Verify RCMSMQTransmit (1)
------------------------------------------------------------------------------
20220331 12:30:33.366 - INFO - +- START TEST: Verify Shuns Can Be Added [ ]
------------------------------------------------------------------------------
20220331 12:30:33.367 - INFO - +- END TEST: Verify Shuns Can Be Added (1)
------------------------------------------------------------------------------
20220331 12:30:33.367 - INFO - +- START TEARDOWN: Close Connections and Report Results [ ]
20220331 12:30:33.368 - INFO - +-- START KEYWORD: Stop iSensor EC2 Instance [ ]
20220331 12:30:33.375 - INFO - +--- START KEYWORD: Stop EC2 Instance [ ${ISENSOR_IP} ]
20220331 12:30:33.375 - FAIL - No keyword with name 'Stop EC2 Instance' found. Did you mean:
    aws_ec2_instance.Stop FMC EC2 Instance
20220331 12:30:33.375 - INFO - +--- END KEYWORD: Stop EC2 Instance (0)
20220331 12:30:33.376 - INFO - +-- END KEYWORD: Stop iSensor EC2 Instance (8)
20220331 12:30:33.376 - INFO - +-- START KEYWORD: SSHLibrary.Close All Connections [ ]
20220331 12:30:33.376 - INFO - +-- END KEYWORD: SSHLibrary.Close All Connections (0)
20220331 12:30:33.376 - INFO - +-- START KEYWORD: BuiltIn.Run Keyword If All Tests Passed [ Email Test Has Passed ]
20220331 12:30:33.377 - INFO - +-- END KEYWORD: BuiltIn.Run Keyword If All Tests Passed (1)
20220331 12:30:33.377 - INFO - +-- START KEYWORD: BuiltIn.Run Keyword If Any Tests Failed [ Email Test Has Failed ]
20220331 12:30:33.377 - INFO - +--- START KEYWORD: Email Test Has Failed [ ]
20220331 12:30:33.377 - INFO - +---- START KEYWORD: scwxCorelib.Mail.Set Mail Subject [ Post package deployment test has FAILED | catenate=True ]
20220331 12:30:33.854 - INFO - +---- END KEYWORD: scwxCorelib.Mail.Set Mail Subject (477)
20220331 12:30:33.854 - INFO - +---- START KEYWORD: scwxCorelib.Mail.Append Config [ iSensor Model: Dell ${ISENSOR_MODEL} ]
20220331 12:30:33.854 - INFO - +---- END KEYWORD: scwxCorelib.Mail.Append Config (0)
20220331 12:30:33.855 - INFO - +---- START KEYWORD: scwxCorelib.Mail.Log To Mail [ Test Report: | reportfile ]
20220331 12:30:33.855 - DEBUG - content: Test Report:
link:reportfile
options:{}
20220331 12:30:33.855 - DEBUG - LINKER: "https://r-atf.atf-prod.aws.secureworks.net/iSensor_Regression/PostDeploy/reports/Post_Package_Deployment_Verification/Production/20220331_123007.aawoke.Post_Package_Deployment_Verification.html"
20220331 12:30:33.855 - DEBUG - content w/link = Test Report:
	https://r-atf.atf-prod.aws.secureworks.net/iSensor_Regression/PostDeploy/reports/Post_Package_Deployment_Verification/Production/20220331_123007.aawoke.Post_Package_Deployment_Verification.html
20220331 12:30:33.855 - INFO - +---- END KEYWORD: scwxCorelib.Mail.Log To Mail (0)
20220331 12:30:33.855 - INFO - +---- START KEYWORD: scwxCorelib.Mail.Log To Mail [ Test Log: | logfile ]
20220331 12:30:33.856 - DEBUG - content: Test Log:
link:logfile
options:{}
20220331 12:30:33.856 - DEBUG - LINKER: "https://r-atf.atf-prod.aws.secureworks.net/iSensor_Regression/PostDeploy/logs/Post_Package_Deployment_Verification/Production/20220331_123007.aawoke.Post_Package_Deployment_Verification.html"
20220331 12:30:33.856 - DEBUG - content w/link = Test Log:
	https://r-atf.atf-prod.aws.secureworks.net/iSensor_Regression/PostDeploy/logs/Post_Package_Deployment_Verification/Production/20220331_123007.aawoke.Post_Package_Deployment_Verification.html
20220331 12:30:33.856 - INFO - +---- END KEYWORD: scwxCorelib.Mail.Log To Mail (1)
20220331 12:30:33.856 - INFO - +---- START KEYWORD: scwxCorelib.Mail.Mail Report [ attach=reportfile,logfile ]
20220331 12:30:33.857 - DEBUG - email distro is ['hlouissaint@secureworks.com', 'pmankoo@secureworks.com', 'msuwoto@secureworks.com', 'ibilyy@secureworks.com', 'tbernhard@secureworks.com', 'igayashan@secureworks.com', 'hrashmi@secureworks.com', 'mnanayakkara@secureworks.com', 'aawoke@secureworks.com']
20220331 12:30:33.857 - DEBUG - Processing Mail Report keyword...
	Distribution:['hlouissaint@secureworks.com', 'pmankoo@secureworks.com', 'msuwoto@secureworks.com', 'ibilyy@secureworks.com', 'tbernhard@secureworks.com', 'igayashan@secureworks.com', 'hrashmi@secureworks.com', 'mnanayakkara@secureworks.com', 'aawoke@secureworks.com']
	subject: Test ID (Production): 20220331.123033 - Post package deployment test has FAILED
	To: ['hlouissaint@secureworks.com', 'pmankoo@secureworks.com', 'msuwoto@secureworks.com', 'ibilyy@secureworks.com', 'tbernhard@secureworks.com', 'igayashan@secureworks.com', 'hrashmi@secureworks.com', 'mnanayakkara@secureworks.com', 'aawoke@secureworks.com']
	Body:Test Report:
	https://r-atf.atf-prod.aws.secureworks.net/iSensor_Regression/PostDeploy/reports/Post_Package_Deployment_Verification/Production/20220331_123007.aawoke.Post_Package_Deployment_Verification.html
Test Log:
	https://r-atf.atf-prod.aws.secureworks.net/iSensor_Regression/PostDeploy/logs/Post_Package_Deployment_Verification/Production/20220331_123007.aawoke.Post_Package_Deployment_Verification.html
20220331 12:30:33.913 - INFO - Successfully sent mail from localhost with subject "Test ID (Production): 20220331.123033 - Post package deployment test has FAILED" to hlouissaint@secureworks.com;pmankoo@secureworks.com;msuwoto@secureworks.com;ibilyy@secureworks.com;tbernhard@secureworks.com;igayashan@secureworks.com;hrashmi@secureworks.com;mnanayakkara@secureworks.com;aawoke@secureworks.com;
20220331 12:30:33.914 - INFO - ${resp} = Message "Test ID (Production): 20220331.123033 - Post package deployment test has FAILED" Sent
20220331 12:30:33.914 - INFO - +---- END KEYWORD: scwxCorelib.Mail.Mail Report (58)
20220331 12:30:33.914 - INFO - +---- START KEYWORD: BuiltIn.Log [ ${resp} ]
20220331 12:30:33.915 - INFO - Message "Test ID (Production): 20220331.123033 - Post package deployment test has FAILED" Sent
20220331 12:30:33.915 - INFO - +---- END KEYWORD: BuiltIn.Log (1)
20220331 12:30:33.915 - INFO - +--- END KEYWORD: Email Test Has Failed (538)
20220331 12:30:33.916 - INFO - +-- END KEYWORD: BuiltIn.Run Keyword If Any Tests Failed (539)
20220331 12:30:33.916 - INFO - +- END TEARDOWN: Close Connections and Report Results (549)
==============================================================================
20220331 12:30:33.917 - INFO - + END SUITE: Post Package Deployment Verification (24905)
==============================================================================
