==============================================================================
20220331 12:12:41.471 - INFO - + START SUITE: Post Package Deployment Verification [ ]
==============================================================================
20220331 12:12:41.472 - INFO - +- START SETUP: Setup iSensor Environment [ ]
20220331 12:12:41.480 - INFO - +-- START KEYWORD: Start EC2 Instance [ ${ISENSOR_IP} ]
20220331 12:12:41.480 - FAIL - No keyword with name 'Start EC2 Instance' found. Did you mean:
    aws_ec2_instance.Start FMC EC2 Instance
20220331 12:12:41.480 - INFO - +-- END KEYWORD: Start EC2 Instance (0)
20220331 12:12:41.481 - INFO - +-- START KEYWORD: iSensorConfiguration.Open SSH Connection [ ]
20220331 12:12:41.481 - INFO - +-- END KEYWORD: iSensorConfiguration.Open SSH Connection (0)
20220331 12:12:41.482 - INFO - +- END SETUP: Setup iSensor Environment (9)
------------------------------------------------------------------------------
20220331 12:12:41.482 - INFO - +- START TEST: Notify Start Of Test via Email [ ]
------------------------------------------------------------------------------
20220331 12:12:41.482 - INFO - +- END TEST: Notify Start Of Test via Email (0)
------------------------------------------------------------------------------
20220331 12:12:41.483 - INFO - +- START TEST: Verify Current State of Target iSensor [ ]
------------------------------------------------------------------------------
20220331 12:12:41.483 - INFO - +- END TEST: Verify Current State of Target iSensor (0)
------------------------------------------------------------------------------
20220331 12:12:41.483 - INFO - +- START TEST: Verify Rulesets Can Be Pushed To iSensor [ ]
------------------------------------------------------------------------------
20220331 12:12:41.484 - INFO - +- END TEST: Verify Rulesets Can Be Pushed To iSensor (1)
------------------------------------------------------------------------------
20220331 12:12:41.484 - INFO - +- START TEST: Verify RCMSMQTransmit [ ]
------------------------------------------------------------------------------
20220331 12:12:41.485 - INFO - +- END TEST: Verify RCMSMQTransmit (1)
------------------------------------------------------------------------------
20220331 12:12:41.485 - INFO - +- START TEST: Verify Shuns Can Be Added [ ]
------------------------------------------------------------------------------
20220331 12:12:41.485 - INFO - +- END TEST: Verify Shuns Can Be Added (0)
------------------------------------------------------------------------------
20220331 12:12:41.486 - INFO - +- START TEARDOWN: Close Connections and Report Results [ ]
20220331 12:12:41.486 - INFO - +-- START KEYWORD: Stop iSensor EC2 Instance [ ]
20220331 12:12:41.493 - INFO - +--- START KEYWORD: Stop EC2 Instance [ ${ISENSOR_IP} ]
20220331 12:12:41.494 - FAIL - No keyword with name 'Stop EC2 Instance' found. Did you mean:
    aws_ec2_instance.Stop FMC EC2 Instance
20220331 12:12:41.494 - INFO - +--- END KEYWORD: Stop EC2 Instance (1)
20220331 12:12:41.494 - INFO - +-- END KEYWORD: Stop iSensor EC2 Instance (8)
20220331 12:12:41.494 - INFO - +-- START KEYWORD: SSHLibrary.Close All Connections [ ]
20220331 12:12:41.494 - INFO - +-- END KEYWORD: SSHLibrary.Close All Connections (0)
20220331 12:12:41.494 - INFO - +-- START KEYWORD: BuiltIn.Run Keyword If All Tests Passed [ Email Test Has Passed ]
20220331 12:12:41.495 - INFO - +-- END KEYWORD: BuiltIn.Run Keyword If All Tests Passed (1)
20220331 12:12:41.495 - INFO - +-- START KEYWORD: BuiltIn.Run Keyword If Any Tests Failed [ Email Test Has Failed ]
20220331 12:12:41.495 - INFO - +--- START KEYWORD: Email Test Has Failed [ ]
20220331 12:12:41.495 - INFO - +---- START KEYWORD: scwxCorelib.Mail.Set Mail Subject [ Post package deployment test has FAILED | catenate=True ]
20220331 12:12:41.974 - INFO - +---- END KEYWORD: scwxCorelib.Mail.Set Mail Subject (478)
20220331 12:12:41.974 - INFO - +---- START KEYWORD: scwxCorelib.Mail.Append Config [ iSensor Model: Dell ${ISENSOR_MODEL} ]
20220331 12:12:41.974 - INFO - +---- END KEYWORD: scwxCorelib.Mail.Append Config (0)
20220331 12:12:41.974 - INFO - +---- START KEYWORD: scwxCorelib.Mail.Log To Mail [ Test Report: | reportfile ]
20220331 12:12:41.975 - DEBUG - content: Test Report:
link:reportfile
options:{}
20220331 12:12:41.975 - DEBUG - LINKER: "https://r-atf.atf-prod.aws.secureworks.net/iSensor_Regression/PostDeploy/reports/Post_Package_Deployment_Verification/Production/20220331_121215.aawoke.Post_Package_Deployment_Verification.html"
20220331 12:12:41.975 - DEBUG - content w/link = Test Report:
	https://r-atf.atf-prod.aws.secureworks.net/iSensor_Regression/PostDeploy/reports/Post_Package_Deployment_Verification/Production/20220331_121215.aawoke.Post_Package_Deployment_Verification.html
20220331 12:12:41.975 - INFO - +---- END KEYWORD: scwxCorelib.Mail.Log To Mail (1)
20220331 12:12:41.975 - INFO - +---- START KEYWORD: scwxCorelib.Mail.Log To Mail [ Test Log: | logfile ]
20220331 12:12:41.975 - DEBUG - content: Test Log:
link:logfile
options:{}
20220331 12:12:41.976 - DEBUG - LINKER: "https://r-atf.atf-prod.aws.secureworks.net/iSensor_Regression/PostDeploy/logs/Post_Package_Deployment_Verification/Production/20220331_121215.aawoke.Post_Package_Deployment_Verification.html"
20220331 12:12:41.976 - DEBUG - content w/link = Test Log:
	https://r-atf.atf-prod.aws.secureworks.net/iSensor_Regression/PostDeploy/logs/Post_Package_Deployment_Verification/Production/20220331_121215.aawoke.Post_Package_Deployment_Verification.html
20220331 12:12:41.976 - INFO - +---- END KEYWORD: scwxCorelib.Mail.Log To Mail (1)
20220331 12:12:41.976 - INFO - +---- START KEYWORD: scwxCorelib.Mail.Mail Report [ attach=reportfile,logfile ]
20220331 12:12:41.977 - DEBUG - email distro is ['hlouissaint@secureworks.com', 'pmankoo@secureworks.com', 'msuwoto@secureworks.com', 'ibilyy@secureworks.com', 'tbernhard@secureworks.com', 'igayashan@secureworks.com', 'hrashmi@secureworks.com', 'mnanayakkara@secureworks.com', 'aawoke@secureworks.com']
20220331 12:12:41.977 - DEBUG - Processing Mail Report keyword...
	Distribution:['hlouissaint@secureworks.com', 'pmankoo@secureworks.com', 'msuwoto@secureworks.com', 'ibilyy@secureworks.com', 'tbernhard@secureworks.com', 'igayashan@secureworks.com', 'hrashmi@secureworks.com', 'mnanayakkara@secureworks.com', 'aawoke@secureworks.com']
	subject: Test ID (Production): 20220331.121241 - Post package deployment test has FAILED
	To: ['hlouissaint@secureworks.com', 'pmankoo@secureworks.com', 'msuwoto@secureworks.com', 'ibilyy@secureworks.com', 'tbernhard@secureworks.com', 'igayashan@secureworks.com', 'hrashmi@secureworks.com', 'mnanayakkara@secureworks.com', 'aawoke@secureworks.com']
	Body:Test Report:
	https://r-atf.atf-prod.aws.secureworks.net/iSensor_Regression/PostDeploy/reports/Post_Package_Deployment_Verification/Production/20220331_121215.aawoke.Post_Package_Deployment_Verification.html
Test Log:
	https://r-atf.atf-prod.aws.secureworks.net/iSensor_Regression/PostDeploy/logs/Post_Package_Deployment_Verification/Production/20220331_121215.aawoke.Post_Package_Deployment_Verification.html
20220331 12:12:42.035 - INFO - Successfully sent mail from localhost with subject "Test ID (Production): 20220331.121241 - Post package deployment test has FAILED" to hlouissaint@secureworks.com;pmankoo@secureworks.com;msuwoto@secureworks.com;ibilyy@secureworks.com;tbernhard@secureworks.com;igayashan@secureworks.com;hrashmi@secureworks.com;mnanayakkara@secureworks.com;aawoke@secureworks.com;
20220331 12:12:42.036 - INFO - ${resp} = Message "Test ID (Production): 20220331.121241 - Post package deployment test has FAILED" Sent
20220331 12:12:42.036 - INFO - +---- END KEYWORD: scwxCorelib.Mail.Mail Report (60)
20220331 12:12:42.036 - INFO - +---- START KEYWORD: BuiltIn.Log [ ${resp} ]
20220331 12:12:42.037 - INFO - Message "Test ID (Production): 20220331.121241 - Post package deployment test has FAILED" Sent
20220331 12:12:42.037 - INFO - +---- END KEYWORD: BuiltIn.Log (1)
20220331 12:12:42.037 - INFO - +--- END KEYWORD: Email Test Has Failed (542)
20220331 12:12:42.038 - INFO - +-- END KEYWORD: BuiltIn.Run Keyword If Any Tests Failed (542)
20220331 12:12:42.038 - INFO - +- END TEARDOWN: Close Connections and Report Results (552)
==============================================================================
20220331 12:12:42.039 - INFO - + END SUITE: Post Package Deployment Verification (24877)
==============================================================================
